[DEBUG][org.mybatis.generator.internal.db.DatabaseIntrospector]Retrieving column information for table "CHAT_RECORD"
  [DEBUG][org.mybatis.generator.internal.db.DatabaseIntrospector]Found column "RECORD_ID", data type 4, in table "CLOUD_DISK..CHAT_RECORD"
  [DEBUG][org.mybatis.generator.internal.db.DatabaseIntrospector]Found column "CONKTENT", data type 12, in table "CLOUD_DISK..CHAT_RECORD"
  [DEBUG][org.mybatis.generator.internal.db.DatabaseIntrospector]Found column "RECORD_TIME", data type 93, in table "CLOUD_DISK..CHAT_RECORD"
  [DEBUG][org.mybatis.generator.internal.db.DatabaseIntrospector]Found column "TYPE", data type 4, in table "CLOUD_DISK..CHAT_RECORD"
  [DEBUG][org.mybatis.generator.internal.db.DatabaseIntrospector]Found column "FILE_ID", data type 4, in table "CLOUD_DISK..CHAT_RECORD"
  [DEBUG][org.mybatis.generator.internal.db.DatabaseIntrospector]Found column "DIALOGUE_ID", data type 4, in table "CLOUD_DISK..CHAT_RECORD"
  [DEBUG][org.mybatis.generator.internal.db.DatabaseIntrospector]Retrieving column information for table "DIALOGUE"
  [DEBUG][org.mybatis.generator.internal.db.DatabaseIntrospector]Found column "DIALOGUE_ID", data type 4, in table "CLOUD_DISK..DIALOGUE"
  [DEBUG][org.mybatis.generator.internal.db.DatabaseIntrospector]Found column "HOST_USER_ID", data type 4, in table "CLOUD_DISK..DIALOGUE"
  [DEBUG][org.mybatis.generator.internal.db.DatabaseIntrospector]Found column "TO_USER_ID", data type 4, in table "CLOUD_DISK..DIALOGUE"
  [DEBUG][org.mybatis.generator.internal.db.DatabaseIntrospector]Retrieving column information for table "FILE"
  [DEBUG][org.mybatis.generator.internal.db.DatabaseIntrospector]Found column "FILE_ID", data type 4, in table "CLOUD_DISK..FILE"
  [DEBUG][org.mybatis.generator.internal.db.DatabaseIntrospector]Found column "FATHER_FILE_ID", data type 4, in table "CLOUD_DISK..FILE"
  [DEBUG][org.mybatis.generator.internal.db.DatabaseIntrospector]Found column "FILE_NAME", data type 12, in table "CLOUD_DISK..FILE"
  [DEBUG][org.mybatis.generator.internal.db.DatabaseIntrospector]Found column "REAL_PATH", data type 12, in table "CLOUD_DISK..FILE"
  [DEBUG][org.mybatis.generator.internal.db.DatabaseIntrospector]Found column "IS_DELETE", data type -7, in table "CLOUD_DISK..FILE"
  [DEBUG][org.mybatis.generator.internal.db.DatabaseIntrospector]Found column "SCAN_COUNT", data type 4, in table "CLOUD_DISK..FILE"
  [DEBUG][org.mybatis.generator.internal.db.DatabaseIntrospector]Found column "SAVE_COUNT", data type 4, in table "CLOUD_DISK..FILE"
  [DEBUG][org.mybatis.generator.internal.db.DatabaseIntrospector]Found column "DOWNLOAD_COUNT", data type 4, in table "CLOUD_DISK..FILE"
  [DEBUG][org.mybatis.generator.internal.db.DatabaseIntrospector]Found column "TYPE", data type 4, in table "CLOUD_DISK..FILE"
  [DEBUG][org.mybatis.generator.internal.db.DatabaseIntrospector]Retrieving column information for table "RELATIONSHIP"
  [DEBUG][org.mybatis.generator.internal.db.DatabaseIntrospector]Found column "RELATIONSHIP_ID", data type 4, in table "CLOUD_DISK..RELATIONSHIP"
  [DEBUG][org.mybatis.generator.internal.db.DatabaseIntrospector]Found column "HOST_USER_ID", data type 4, in table "CLOUD_DISK..RELATIONSHIP"
  [DEBUG][org.mybatis.generator.internal.db.DatabaseIntrospector]Found column "FRIEND_USER_ID", data type 4, in table "CLOUD_DISK..RELATIONSHIP"
  [DEBUG][org.mybatis.generator.internal.db.DatabaseIntrospector]Found column "REMARK", data type 12, in table "CLOUD_DISK..RELATIONSHIP"
  [DEBUG][org.mybatis.generator.internal.db.DatabaseIntrospector]Found column "ADD_TIME", data type 93, in table "CLOUD_DISK..RELATIONSHIP"
  [DEBUG][org.mybatis.generator.internal.db.DatabaseIntrospector]Retrieving column information for table "SHARE"
  [DEBUG][org.mybatis.generator.internal.db.DatabaseIntrospector]Found column "SHARE_ID", data type 4, in table "CLOUD_DISK..SHARE"
  [DEBUG][org.mybatis.generator.internal.db.DatabaseIntrospector]Found column "SHARE_TYPE", data type 4, in table "CLOUD_DISK..SHARE"
  [DEBUG][org.mybatis.generator.internal.db.DatabaseIntrospector]Found column "PASSWORD", data type 12, in table "CLOUD_DISK..SHARE"
  [DEBUG][org.mybatis.generator.internal.db.DatabaseIntrospector]Found column "SHARE_TIME", data type 93, in table "CLOUD_DISK..SHARE"
  [DEBUG][org.mybatis.generator.internal.db.DatabaseIntrospector]Retrieving column information for table "USERS"
  [DEBUG][org.mybatis.generator.internal.db.DatabaseIntrospector]Found column "USER_ID", data type 4, in table "CLOUD_DISK..USERS"
  [DEBUG][org.mybatis.generator.internal.db.DatabaseIntrospector]Found column "PASSWORD", data type 12, in table "CLOUD_DISK..USERS"
  [DEBUG][org.mybatis.generator.internal.db.DatabaseIntrospector]Found column "NICKNAME", data type 12, in table "CLOUD_DISK..USERS"
  [DEBUG][org.mybatis.generator.internal.db.DatabaseIntrospector]Found column "HEAD_IMG", data type 12, in table "CLOUD_DISK..USERS"
  [DEBUG][org.mybatis.generator.internal.db.DatabaseIntrospector]Found column "CAPACITY", data type 4, in table "CLOUD_DISK..USERS"
  [DEBUG][org.mybatis.generator.internal.db.DatabaseIntrospector]Found column "FILE_ID", data type 4, in table "CLOUD_DISK..USERS"
  